[2023-04-25 17:23:25] INFO org.hibernate.validator.internal.util.Version(Version.java:21) - HV000001: Hibernate Validator 8.0.0.Final
[2023-04-25 17:23:25] INFO com.commerce.Application(StartupInfoLogger.java:51) - Starting Application using Java 17.0.6 with PID 26328 (C:\_DEV\_edu\commerce-api\build\classes\java\main started by seul in C:\_DEV\_edu\commerce-api)
[2023-04-25 17:23:25] INFO com.commerce.Application(SpringApplication.java:638) - The following 1 profile is active: "local"
[2023-04-25 17:23:25] INFO org.springframework.boot.devtools.env.DevToolsPropertyDefaultsPostProcessor(DeferredLog.java:250) - Devtools property defaults active! Set 'spring.devtools.add-properties' to 'false' to disable
[2023-04-25 17:23:25] INFO org.springframework.boot.devtools.env.DevToolsPropertyDefaultsPostProcessor(DeferredLog.java:250) - For additional web related logging consider setting the 'logging.level.web' property to 'DEBUG'
[2023-04-25 17:23:28] INFO org.springframework.data.repository.config.RepositoryConfigurationDelegate(RepositoryConfigurationDelegate.java:291) - Multiple Spring Data modules found, entering strict repository configuration mode
[2023-04-25 17:23:28] INFO org.springframework.data.repository.config.RepositoryConfigurationDelegate(RepositoryConfigurationDelegate.java:138) - Bootstrapping Spring Data JPA repositories in DEFAULT mode.
[2023-04-25 17:23:29] INFO org.springframework.data.repository.config.RepositoryConfigurationDelegate(RepositoryConfigurationDelegate.java:208) - Finished Spring Data repository scanning in 341 ms. Found 3 JPA repository interfaces.
[2023-04-25 17:23:29] INFO org.springframework.data.repository.config.RepositoryConfigurationDelegate(RepositoryConfigurationDelegate.java:291) - Multiple Spring Data modules found, entering strict repository configuration mode
[2023-04-25 17:23:29] INFO org.springframework.data.repository.config.RepositoryConfigurationDelegate(RepositoryConfigurationDelegate.java:138) - Bootstrapping Spring Data Redis repositories in DEFAULT mode.
[2023-04-25 17:23:29] INFO org.springframework.data.repository.config.RepositoryConfigurationExtensionSupport(RepositoryConfigurationExtensionSupport.java:320) - Spring Data Redis - Could not safely identify store assignment for repository candidate interface com.commerce.domain.category.CategoryRepository; If you want this repository to be a Redis repository, consider annotating your entities with one of these annotations: org.springframework.data.redis.core.RedisHash (preferred), or consider extending one of the following types with your repository: org.springframework.data.keyvalue.repository.KeyValueRepository
[2023-04-25 17:23:29] INFO org.springframework.data.repository.config.RepositoryConfigurationExtensionSupport(RepositoryConfigurationExtensionSupport.java:320) - Spring Data Redis - Could not safely identify store assignment for repository candidate interface com.commerce.domain.product.ProductRepository; If you want this repository to be a Redis repository, consider annotating your entities with one of these annotations: org.springframework.data.redis.core.RedisHash (preferred), or consider extending one of the following types with your repository: org.springframework.data.keyvalue.repository.KeyValueRepository
[2023-04-25 17:23:29] INFO org.springframework.data.repository.config.RepositoryConfigurationExtensionSupport(RepositoryConfigurationExtensionSupport.java:320) - Spring Data Redis - Could not safely identify store assignment for repository candidate interface com.commerce.domain.user.UserRepository; If you want this repository to be a Redis repository, consider annotating your entities with one of these annotations: org.springframework.data.redis.core.RedisHash (preferred), or consider extending one of the following types with your repository: org.springframework.data.keyvalue.repository.KeyValueRepository
[2023-04-25 17:23:29] INFO org.springframework.data.repository.config.RepositoryConfigurationDelegate(RepositoryConfigurationDelegate.java:208) - Finished Spring Data repository scanning in 22 ms. Found 0 Redis repository interfaces.
[2023-04-25 17:23:30] INFO org.springframework.cloud.context.scope.GenericScope(GenericScope.java:282) - BeanFactory id=ceb5fdf0-aee4-337a-bb61-e1dcf14546ee
[2023-04-25 17:23:31] INFO org.springframework.boot.web.embedded.tomcat.TomcatWebServer(TomcatWebServer.java:108) - Tomcat initialized with port(s): 18080 (http)
[2023-04-25 17:23:31] INFO org.apache.coyote.http11.Http11NioProtocol(DirectJDKLog.java:173) - Initializing ProtocolHandler ["http-nio-18080"]
[2023-04-25 17:23:31] INFO org.apache.catalina.core.StandardService(DirectJDKLog.java:173) - Starting service [Tomcat]
[2023-04-25 17:23:31] INFO org.apache.catalina.core.StandardEngine(DirectJDKLog.java:173) - Starting Servlet engine: [Apache Tomcat/10.1.7]
[2023-04-25 17:23:31] INFO org.apache.catalina.core.ContainerBase.[Tomcat].[localhost].[/](DirectJDKLog.java:173) - Initializing Spring embedded WebApplicationContext
[2023-04-25 17:23:31] INFO org.springframework.boot.web.servlet.context.ServletWebServerApplicationContext(ServletWebServerApplicationContext.java:291) - Root WebApplicationContext: initialization completed in 5986 ms
[2023-04-25 17:23:32] INFO com.zaxxer.hikari.HikariDataSource(HikariDataSource.java:110) - HikariPool-1 - Starting...
[2023-04-25 17:23:55] ERROR com.zaxxer.hikari.pool.HikariPool(HikariPool.java:594) - HikariPool-1 - Exception during pool initialization.
java.sql.SQLNonTransientConnectionException: Socket fail to connect to host:address=(host=host.docker.internal)(port=3306)(type=primary). Connection timed out: no further information
	at org.mariadb.jdbc.client.impl.ConnectionHelper.connectSocket(ConnectionHelper.java:136) ~[mariadb-java-client-3.0.10.jar:?]
	at org.mariadb.jdbc.client.impl.StandardClient.<init>(StandardClient.java:103) ~[mariadb-java-client-3.0.10.jar:?]
	at org.mariadb.jdbc.Driver.connect(Driver.java:70) ~[mariadb-java-client-3.0.10.jar:?]
	at org.mariadb.jdbc.Driver.connect(Driver.java:101) ~[mariadb-java-client-3.0.10.jar:?]
	at org.mariadb.jdbc.Driver.connect(Driver.java:27) ~[mariadb-java-client-3.0.10.jar:?]
	at com.zaxxer.hikari.util.DriverDataSource.getConnection(DriverDataSource.java:138) ~[HikariCP-5.0.1.jar:?]
	at com.zaxxer.hikari.pool.PoolBase.newConnection(PoolBase.java:359) ~[HikariCP-5.0.1.jar:?]
	at com.zaxxer.hikari.pool.PoolBase.newPoolEntry(PoolBase.java:201) ~[HikariCP-5.0.1.jar:?]
	at com.zaxxer.hikari.pool.HikariPool.createPoolEntry(HikariPool.java:470) ~[HikariCP-5.0.1.jar:?]
	at com.zaxxer.hikari.pool.HikariPool.checkFailFast(HikariPool.java:561) ~[HikariCP-5.0.1.jar:?]
	at com.zaxxer.hikari.pool.HikariPool.<init>(HikariPool.java:100) ~[HikariCP-5.0.1.jar:?]
	at com.zaxxer.hikari.HikariDataSource.getConnection(HikariDataSource.java:112) ~[HikariCP-5.0.1.jar:?]
	at org.springframework.boot.autoconfigure.h2.H2ConsoleAutoConfiguration.getConnectionUrl(H2ConsoleAutoConfiguration.java:94) ~[spring-boot-autoconfigure-3.0.5.jar:3.0.5]
	at java.util.stream.ReferencePipeline$3$1.accept(ReferencePipeline.java:197) ~[?:?]
	at java.util.ArrayList.forEach(ArrayList.java:1511) ~[?:?]
	at java.util.stream.SortedOps$RefSortingSink.end(SortedOps.java:395) ~[?:?]
	at java.util.stream.Sink$ChainedReference.end(Sink.java:258) ~[?:?]
	at java.util.stream.Sink$ChainedReference.end(Sink.java:258) ~[?:?]
	at java.util.stream.AbstractPipeline.copyInto(AbstractPipeline.java:510) ~[?:?]
	at java.util.stream.AbstractPipeline.wrapAndCopyInto(AbstractPipeline.java:499) ~[?:?]
	at java.util.stream.AbstractPipeline.evaluate(AbstractPipeline.java:575) ~[?:?]
	at java.util.stream.AbstractPipeline.evaluateToArrayNode(AbstractPipeline.java:260) ~[?:?]
	at java.util.stream.ReferencePipeline.toArray(ReferencePipeline.java:616) ~[?:?]
	at java.util.stream.ReferencePipeline.toArray(ReferencePipeline.java:622) ~[?:?]
	at java.util.stream.ReferencePipeline.toList(ReferencePipeline.java:627) ~[?:?]
	at org.springframework.boot.autoconfigure.h2.H2ConsoleAutoConfiguration.logDataSources(H2ConsoleAutoConfiguration.java:86) ~[spring-boot-autoconfigure-3.0.5.jar:3.0.5]
	at org.springframework.boot.autoconfigure.h2.H2ConsoleAutoConfiguration.lambda$h2Console$0(H2ConsoleAutoConfiguration.java:69) ~[spring-boot-autoconfigure-3.0.5.jar:3.0.5]
	at org.springframework.boot.autoconfigure.h2.H2ConsoleAutoConfiguration.withThreadContextClassLoader(H2ConsoleAutoConfiguration.java:78) ~[spring-boot-autoconfigure-3.0.5.jar:3.0.5]
	at org.springframework.boot.autoconfigure.h2.H2ConsoleAutoConfiguration.h2Console(H2ConsoleAutoConfiguration.java:69) ~[spring-boot-autoconfigure-3.0.5.jar:3.0.5]
	at jdk.internal.reflect.NativeMethodAccessorImpl.invoke0(Native Method) ~[?:?]
	at jdk.internal.reflect.NativeMethodAccessorImpl.invoke(NativeMethodAccessorImpl.java:77) ~[?:?]
	at jdk.internal.reflect.DelegatingMethodAccessorImpl.invoke(DelegatingMethodAccessorImpl.java:43) ~[?:?]
	at java.lang.reflect.Method.invoke(Method.java:568) ~[?:?]
	at org.springframework.beans.factory.support.SimpleInstantiationStrategy.instantiate(SimpleInstantiationStrategy.java:139) ~[spring-beans-6.0.7.jar:6.0.7]
	at org.springframework.beans.factory.support.ConstructorResolver.instantiate(ConstructorResolver.java:653) ~[spring-beans-6.0.7.jar:6.0.7]
	at org.springframework.beans.factory.support.ConstructorResolver.instantiateUsingFactoryMethod(ConstructorResolver.java:645) ~[spring-beans-6.0.7.jar:6.0.7]
	at org.springframework.beans.factory.support.AbstractAutowireCapableBeanFactory.instantiateUsingFactoryMethod(AbstractAutowireCapableBeanFactory.java:1332) ~[spring-beans-6.0.7.jar:6.0.7]
	at org.springframework.beans.factory.support.AbstractAutowireCapableBeanFactory.createBeanInstance(AbstractAutowireCapableBeanFactory.java:1162) ~[spring-beans-6.0.7.jar:6.0.7]
	at org.springframework.beans.factory.support.AbstractAutowireCapableBeanFactory.doCreateBean(AbstractAutowireCapableBeanFactory.java:560) ~[spring-beans-6.0.7.jar:6.0.7]
	at org.springframework.beans.factory.support.AbstractAutowireCapableBeanFactory.createBean(AbstractAutowireCapableBeanFactory.java:520) ~[spring-beans-6.0.7.jar:6.0.7]
	at org.springframework.beans.factory.support.AbstractBeanFactory.lambda$doGetBean$0(AbstractBeanFactory.java:326) ~[spring-beans-6.0.7.jar:6.0.7]
	at org.springframework.beans.factory.support.DefaultSingletonBeanRegistry.getSingleton(DefaultSingletonBeanRegistry.java:234) ~[spring-beans-6.0.7.jar:6.0.7]
	at org.springframework.beans.factory.support.AbstractBeanFactory.doGetBean(AbstractBeanFactory.java:324) ~[spring-beans-6.0.7.jar:6.0.7]
	at org.springframework.beans.factory.support.AbstractBeanFactory.getBean(AbstractBeanFactory.java:205) ~[spring-beans-6.0.7.jar:6.0.7]
	at org.springframework.boot.web.servlet.ServletContextInitializerBeans.getOrderedBeansOfType(ServletContextInitializerBeans.java:210) ~[spring-boot-3.0.5.jar:3.0.5]
	at org.springframework.boot.web.servlet.ServletContextInitializerBeans.getOrderedBeansOfType(ServletContextInitializerBeans.java:201) ~[spring-boot-3.0.5.jar:3.0.5]
	at org.springframework.boot.web.servlet.ServletContextInitializerBeans.addServletContextInitializerBeans(ServletContextInitializerBeans.java:96) ~[spring-boot-3.0.5.jar:3.0.5]
	at org.springframework.boot.web.servlet.ServletContextInitializerBeans.<init>(ServletContextInitializerBeans.java:85) ~[spring-boot-3.0.5.jar:3.0.5]
	at org.springframework.boot.web.servlet.context.ServletWebServerApplicationContext.getServletContextInitializerBeans(ServletWebServerApplicationContext.java:261) ~[spring-boot-3.0.5.jar:3.0.5]
	at org.springframework.boot.web.servlet.context.ServletWebServerApplicationContext.selfInitialize(ServletWebServerApplicationContext.java:235) ~[spring-boot-3.0.5.jar:3.0.5]
	at org.springframework.boot.web.embedded.tomcat.TomcatStarter.onStartup(TomcatStarter.java:52) ~[spring-boot-3.0.5.jar:3.0.5]
	at org.apache.catalina.core.StandardContext.startInternal(StandardContext.java:4875) ~[tomcat-embed-core-10.1.7.jar:10.1.7]
	at org.apache.catalina.util.LifecycleBase.start(LifecycleBase.java:183) ~[tomcat-embed-core-10.1.7.jar:10.1.7]
	at org.apache.catalina.core.ContainerBase$StartChild.call(ContainerBase.java:1332) ~[tomcat-embed-core-10.1.7.jar:10.1.7]
	at org.apache.catalina.core.ContainerBase$StartChild.call(ContainerBase.java:1322) ~[tomcat-embed-core-10.1.7.jar:10.1.7]
	at java.util.concurrent.FutureTask.run(FutureTask.java:264) ~[?:?]
	at org.apache.tomcat.util.threads.InlineExecutorService.execute(InlineExecutorService.java:75) ~[tomcat-embed-core-10.1.7.jar:10.1.7]
	at java.util.concurrent.AbstractExecutorService.submit(AbstractExecutorService.java:145) ~[?:?]
	at org.apache.catalina.core.ContainerBase.startInternal(ContainerBase.java:871) ~[tomcat-embed-core-10.1.7.jar:10.1.7]
	at org.apache.catalina.core.StandardHost.startInternal(StandardHost.java:846) ~[tomcat-embed-core-10.1.7.jar:10.1.7]
	at org.apache.catalina.util.LifecycleBase.start(LifecycleBase.java:183) ~[tomcat-embed-core-10.1.7.jar:10.1.7]
	at org.apache.catalina.core.ContainerBase$StartChild.call(ContainerBase.java:1332) ~[tomcat-embed-core-10.1.7.jar:10.1.7]
	at org.apache.catalina.core.ContainerBase$StartChild.call(ContainerBase.java:1322) ~[tomcat-embed-core-10.1.7.jar:10.1.7]
	at java.util.concurrent.FutureTask.run(FutureTask.java:264) ~[?:?]
	at org.apache.tomcat.util.threads.InlineExecutorService.execute(InlineExecutorService.java:75) ~[tomcat-embed-core-10.1.7.jar:10.1.7]
	at java.util.concurrent.AbstractExecutorService.submit(AbstractExecutorService.java:145) ~[?:?]
	at org.apache.catalina.core.ContainerBase.startInternal(ContainerBase.java:871) ~[tomcat-embed-core-10.1.7.jar:10.1.7]
	at org.apache.catalina.core.StandardEngine.startInternal(StandardEngine.java:241) ~[tomcat-embed-core-10.1.7.jar:10.1.7]
	at org.apache.catalina.util.LifecycleBase.start(LifecycleBase.java:183) ~[tomcat-embed-core-10.1.7.jar:10.1.7]
	at org.apache.catalina.core.StandardService.startInternal(StandardService.java:428) ~[tomcat-embed-core-10.1.7.jar:10.1.7]
	at org.apache.catalina.util.LifecycleBase.start(LifecycleBase.java:183) ~[tomcat-embed-core-10.1.7.jar:10.1.7]
	at org.apache.catalina.core.StandardServer.startInternal(StandardServer.java:913) ~[tomcat-embed-core-10.1.7.jar:10.1.7]
	at org.apache.catalina.util.LifecycleBase.start(LifecycleBase.java:183) ~[tomcat-embed-core-10.1.7.jar:10.1.7]
	at org.apache.catalina.startup.Tomcat.start(Tomcat.java:485) ~[tomcat-embed-core-10.1.7.jar:10.1.7]
	at org.springframework.boot.web.embedded.tomcat.TomcatWebServer.initialize(TomcatWebServer.java:123) ~[spring-boot-3.0.5.jar:3.0.5]
	at org.springframework.boot.web.embedded.tomcat.TomcatWebServer.<init>(TomcatWebServer.java:104) ~[spring-boot-3.0.5.jar:3.0.5]
	at org.springframework.boot.web.embedded.tomcat.TomcatServletWebServerFactory.getTomcatWebServer(TomcatServletWebServerFactory.java:488) ~[spring-boot-3.0.5.jar:3.0.5]
	at org.springframework.boot.web.embedded.tomcat.TomcatServletWebServerFactory.getWebServer(TomcatServletWebServerFactory.java:210) ~[spring-boot-3.0.5.jar:3.0.5]
	at org.springframework.boot.web.servlet.context.ServletWebServerApplicationContext.createWebServer(ServletWebServerApplicationContext.java:183) ~[spring-boot-3.0.5.jar:3.0.5]
	at org.springframework.boot.web.servlet.context.ServletWebServerApplicationContext.onRefresh(ServletWebServerApplicationContext.java:161) ~[spring-boot-3.0.5.jar:3.0.5]
	at org.springframework.context.support.AbstractApplicationContext.refresh(AbstractApplicationContext.java:578) ~[spring-context-6.0.7.jar:6.0.7]
	at org.springframework.boot.web.servlet.context.ServletWebServerApplicationContext.refresh(ServletWebServerApplicationContext.java:146) ~[spring-boot-3.0.5.jar:3.0.5]
	at org.springframework.boot.SpringApplication.refresh(SpringApplication.java:732) ~[spring-boot-3.0.5.jar:3.0.5]
	at org.springframework.boot.SpringApplication.refreshContext(SpringApplication.java:434) ~[spring-boot-3.0.5.jar:3.0.5]
	at org.springframework.boot.SpringApplication.run(SpringApplication.java:310) ~[spring-boot-3.0.5.jar:3.0.5]
	at org.springframework.boot.SpringApplication.run(SpringApplication.java:1304) ~[spring-boot-3.0.5.jar:3.0.5]
	at org.springframework.boot.SpringApplication.run(SpringApplication.java:1293) ~[spring-boot-3.0.5.jar:3.0.5]
	at com.commerce.Application.main(Application.java:14) ~[main/:?]
	at jdk.internal.reflect.NativeMethodAccessorImpl.invoke0(Native Method) ~[?:?]
	at jdk.internal.reflect.NativeMethodAccessorImpl.invoke(NativeMethodAccessorImpl.java:77) ~[?:?]
	at jdk.internal.reflect.DelegatingMethodAccessorImpl.invoke(DelegatingMethodAccessorImpl.java:43) ~[?:?]
	at java.lang.reflect.Method.invoke(Method.java:568) ~[?:?]
	at org.springframework.boot.devtools.restart.RestartLauncher.run(RestartLauncher.java:49) ~[spring-boot-devtools-3.0.5.jar:3.0.5]
Caused by: java.net.ConnectException: Connection timed out: no further information
	at sun.nio.ch.Net.pollConnect(Native Method) ~[?:?]
	at sun.nio.ch.Net.pollConnectNow(Net.java:672) ~[?:?]
	at sun.nio.ch.NioSocketImpl.timedFinishConnect(NioSocketImpl.java:549) ~[?:?]
	at sun.nio.ch.NioSocketImpl.connect(NioSocketImpl.java:597) ~[?:?]
	at java.net.SocksSocketImpl.connect(SocksSocketImpl.java:327) ~[?:?]
	at java.net.Socket.connect(Socket.java:633) ~[?:?]
	at org.mariadb.jdbc.client.impl.ConnectionHelper.connectSocket(ConnectionHelper.java:130) ~[mariadb-java-client-3.0.10.jar:?]
	... 92 more
[2023-04-25 17:23:55] INFO org.hibernate.jpa.internal.util.LogHelper(LogHelper.java:31) - HHH000204: Processing PersistenceUnitInfo [name: default]
[2023-04-25 17:23:55] INFO org.hibernate.Version(Version.java:44) - HHH000412: Hibernate ORM core version 6.1.7.Final
[2023-04-25 17:23:56] INFO com.zaxxer.hikari.HikariDataSource(HikariDataSource.java:110) - HikariPool-1 - Starting...
[2023-04-25 17:28:20] INFO org.hibernate.validator.internal.util.Version(Version.java:21) - HV000001: Hibernate Validator 8.0.0.Final
[2023-04-25 17:28:20] INFO com.commerce.Application(StartupInfoLogger.java:51) - Starting Application using Java 17.0.6 with PID 3940 (C:\_DEV\_edu\commerce-api\build\classes\java\main started by seul in C:\_DEV\_edu\commerce-api)
[2023-04-25 17:28:20] INFO com.commerce.Application(SpringApplication.java:638) - The following 1 profile is active: "local"
[2023-04-25 17:28:20] INFO org.springframework.boot.devtools.env.DevToolsPropertyDefaultsPostProcessor(DeferredLog.java:250) - Devtools property defaults active! Set 'spring.devtools.add-properties' to 'false' to disable
[2023-04-25 17:28:20] INFO org.springframework.boot.devtools.env.DevToolsPropertyDefaultsPostProcessor(DeferredLog.java:250) - For additional web related logging consider setting the 'logging.level.web' property to 'DEBUG'
[2023-04-25 17:28:24] INFO org.springframework.data.repository.config.RepositoryConfigurationDelegate(RepositoryConfigurationDelegate.java:291) - Multiple Spring Data modules found, entering strict repository configuration mode
[2023-04-25 17:28:24] INFO org.springframework.data.repository.config.RepositoryConfigurationDelegate(RepositoryConfigurationDelegate.java:138) - Bootstrapping Spring Data JPA repositories in DEFAULT mode.
[2023-04-25 17:28:25] INFO org.springframework.data.repository.config.RepositoryConfigurationDelegate(RepositoryConfigurationDelegate.java:208) - Finished Spring Data repository scanning in 572 ms. Found 3 JPA repository interfaces.
[2023-04-25 17:28:25] INFO org.springframework.data.repository.config.RepositoryConfigurationDelegate(RepositoryConfigurationDelegate.java:291) - Multiple Spring Data modules found, entering strict repository configuration mode
[2023-04-25 17:28:25] INFO org.springframework.data.repository.config.RepositoryConfigurationDelegate(RepositoryConfigurationDelegate.java:138) - Bootstrapping Spring Data Redis repositories in DEFAULT mode.
[2023-04-25 17:28:25] INFO org.springframework.data.repository.config.RepositoryConfigurationExtensionSupport(RepositoryConfigurationExtensionSupport.java:320) - Spring Data Redis - Could not safely identify store assignment for repository candidate interface com.commerce.domain.category.CategoryRepository; If you want this repository to be a Redis repository, consider annotating your entities with one of these annotations: org.springframework.data.redis.core.RedisHash (preferred), or consider extending one of the following types with your repository: org.springframework.data.keyvalue.repository.KeyValueRepository
[2023-04-25 17:28:25] INFO org.springframework.data.repository.config.RepositoryConfigurationExtensionSupport(RepositoryConfigurationExtensionSupport.java:320) - Spring Data Redis - Could not safely identify store assignment for repository candidate interface com.commerce.domain.product.ProductRepository; If you want this repository to be a Redis repository, consider annotating your entities with one of these annotations: org.springframework.data.redis.core.RedisHash (preferred), or consider extending one of the following types with your repository: org.springframework.data.keyvalue.repository.KeyValueRepository
[2023-04-25 17:28:25] INFO org.springframework.data.repository.config.RepositoryConfigurationExtensionSupport(RepositoryConfigurationExtensionSupport.java:320) - Spring Data Redis - Could not safely identify store assignment for repository candidate interface com.commerce.domain.user.UserRepository; If you want this repository to be a Redis repository, consider annotating your entities with one of these annotations: org.springframework.data.redis.core.RedisHash (preferred), or consider extending one of the following types with your repository: org.springframework.data.keyvalue.repository.KeyValueRepository
[2023-04-25 17:28:25] INFO org.springframework.data.repository.config.RepositoryConfigurationDelegate(RepositoryConfigurationDelegate.java:208) - Finished Spring Data repository scanning in 28 ms. Found 0 Redis repository interfaces.
[2023-04-25 17:28:25] INFO org.springframework.cloud.context.scope.GenericScope(GenericScope.java:282) - BeanFactory id=ceb5fdf0-aee4-337a-bb61-e1dcf14546ee
[2023-04-25 17:28:27] INFO org.springframework.boot.web.embedded.tomcat.TomcatWebServer(TomcatWebServer.java:108) - Tomcat initialized with port(s): 18080 (http)
[2023-04-25 17:28:27] INFO org.apache.coyote.http11.Http11NioProtocol(DirectJDKLog.java:173) - Initializing ProtocolHandler ["http-nio-18080"]
[2023-04-25 17:28:27] INFO org.apache.catalina.core.StandardService(DirectJDKLog.java:173) - Starting service [Tomcat]
[2023-04-25 17:28:27] INFO org.apache.catalina.core.StandardEngine(DirectJDKLog.java:173) - Starting Servlet engine: [Apache Tomcat/10.1.7]
[2023-04-25 17:28:27] INFO org.apache.catalina.core.ContainerBase.[Tomcat].[localhost].[/](DirectJDKLog.java:173) - Initializing Spring embedded WebApplicationContext
[2023-04-25 17:28:27] INFO org.springframework.boot.web.servlet.context.ServletWebServerApplicationContext(ServletWebServerApplicationContext.java:291) - Root WebApplicationContext: initialization completed in 6649 ms
[2023-04-25 17:28:28] INFO com.zaxxer.hikari.HikariDataSource(HikariDataSource.java:110) - HikariPool-1 - Starting...
[2023-04-25 17:29:34] INFO com.zaxxer.hikari.pool.HikariPool(HikariPool.java:565) - HikariPool-1 - Added connection org.mariadb.jdbc.Connection@4c1b68e2
[2023-04-25 17:29:34] INFO com.zaxxer.hikari.HikariDataSource(HikariDataSource.java:123) - HikariPool-1 - Start completed.
[2023-04-25 17:29:34] INFO org.springframework.boot.autoconfigure.h2.H2ConsoleAutoConfiguration(H2ConsoleAutoConfiguration.java:88) - H2 console available at '/h2-console'. Database available at 'jdbc:mariadb://host.docker.internal/sample?user=sample&password=***'
[2023-04-25 17:29:35] INFO org.hibernate.jpa.internal.util.LogHelper(LogHelper.java:31) - HHH000204: Processing PersistenceUnitInfo [name: default]
[2023-04-25 17:29:35] INFO org.hibernate.Version(Version.java:44) - HHH000412: Hibernate ORM core version 6.1.7.Final
[2023-04-25 17:29:36] INFO SQL dialect(DialectFactoryImpl.java:66) - HHH000400: Using dialect: org.hibernate.dialect.MariaDB103Dialect
[2023-04-25 17:29:36] WARN org.hibernate.orm.deprecation(DialectFactoryImpl.java:73) - HHH90000026: MariaDB103Dialect has been deprecated; use org.hibernate.dialect.MariaDBDialect instead
[2023-04-25 17:29:38] INFO org.hibernate.engine.transaction.jta.platform.internal.JtaPlatformInitiator(JtaPlatformInitiator.java:51) - HHH000490: Using JtaPlatform implementation: [org.hibernate.engine.transaction.jta.platform.internal.NoJtaPlatform]
[2023-04-25 17:29:38] INFO org.springframework.orm.jpa.LocalContainerEntityManagerFactoryBean(AbstractEntityManagerFactoryBean.java:437) - Initialized JPA EntityManagerFactory for persistence unit 'default'
[2023-04-25 17:29:39] TRACE org.springframework.cache.annotation.AnnotationCacheOperationSource(AbstractFallbackCacheOperationSource.java:102) - Adding cacheable method 'update' with attribute: [Builder[public void com.commerce.service.ProductService.update(java.lang.Long,com.commerce.controller.product.dto.ProductDto$Request)] caches=[product] | key='#id' | keyGenerator='' | cacheManager='redisCacheManager' | cacheResolver='' | condition='',false,false]
[2023-04-25 17:29:39] TRACE org.springframework.cache.annotation.AnnotationCacheOperationSource(AbstractFallbackCacheOperationSource.java:102) - Adding cacheable method 'delete' with attribute: [Builder[public void com.commerce.service.ProductService.delete(java.lang.Long)] caches=[product] | key='#id' | keyGenerator='' | cacheManager='redisCacheManager' | cacheResolver='' | condition='',false,false]
[2023-04-25 17:29:39] TRACE org.springframework.cache.annotation.AnnotationCacheOperationSource(AbstractFallbackCacheOperationSource.java:102) - Adding cacheable method 'findById' with attribute: [Builder[public com.commerce.controller.product.dto.ProductDto$Response com.commerce.service.ProductService.findById(java.lang.Long)] caches=[product] | key='#id' | keyGenerator='' | cacheManager='redisCacheManager' | cacheResolver='' | condition='' | unless='' | sync='false']
[2023-04-25 17:29:39] TRACE org.springframework.cache.annotation.AnnotationCacheOperationSource(AbstractFallbackCacheOperationSource.java:102) - Adding cacheable method 'getProductViewCount' with attribute: [Builder[public java.lang.Integer com.commerce.service.ProductService.getProductViewCount(java.lang.Long)] caches=[product-cnt] | key='#id' | keyGenerator='' | cacheManager='redisCacheManager' | cacheResolver='' | condition='' | unless='' | sync='false']
[2023-04-25 17:29:39] TRACE org.springframework.cache.annotation.AnnotationCacheOperationSource(AbstractFallbackCacheOperationSource.java:102) - Adding cacheable method 'getProductLikeCount' with attribute: [Builder[public java.lang.Integer com.commerce.service.ProductService.getProductLikeCount(java.lang.Long)] caches=[product:count:like] | key='#id' | keyGenerator='' | cacheManager='redisCacheManager' | cacheResolver='' | condition='' | unless='#reslut == null' | sync='false']
[2023-04-25 17:29:39] WARN org.springframework.boot.autoconfigure.orm.jpa.JpaBaseConfiguration$JpaWebConfiguration(JpaBaseConfiguration.java:231) - spring.jpa.open-in-view is enabled by default. Therefore, database queries may be performed during view rendering. Explicitly configure spring.jpa.open-in-view to disable this warning
[2023-04-25 17:29:41] INFO org.springframework.boot.devtools.autoconfigure.OptionalLiveReloadServer(OptionalLiveReloadServer.java:59) - LiveReload server is running on port 35729
[2023-04-25 17:29:41] INFO org.springframework.boot.actuate.endpoint.web.EndpointLinksResolver(EndpointLinksResolver.java:58) - Exposing 1 endpoint(s) beneath base path '/actuator'
[2023-04-25 17:29:41] INFO org.apache.coyote.http11.Http11NioProtocol(DirectJDKLog.java:173) - Starting ProtocolHandler ["http-nio-18080"]
[2023-04-25 17:29:41] INFO org.springframework.boot.web.embedded.tomcat.TomcatWebServer(TomcatWebServer.java:220) - Tomcat started on port(s): 18080 (http) with context path ''
[2023-04-25 17:29:42] INFO com.commerce.Application(StartupInfoLogger.java:57) - Started Application in 82.732 seconds (process running for 84.917)
[2023-04-25 17:29:46] INFO org.springframework.boot.web.embedded.tomcat.GracefulShutdown(GracefulShutdown.java:53) - Commencing graceful shutdown. Waiting for active requests to complete
[2023-04-25 17:29:46] INFO org.springframework.boot.web.embedded.tomcat.GracefulShutdown(GracefulShutdown.java:78) - Graceful shutdown complete
[2023-04-25 17:29:46] INFO org.springframework.orm.jpa.LocalContainerEntityManagerFactoryBean(AbstractEntityManagerFactoryBean.java:650) - Closing JPA EntityManagerFactory for persistence unit 'default'
[2023-04-25 17:29:47] WARN org.mariadb.jdbc.message.server.ErrorPacket(Slf4JLogger.java:100) - Error: 1227-42000: Access denied; you need (at least one of) the SHUTDOWN privilege(s) for this operation
[2023-04-25 17:29:47] WARN org.springframework.beans.factory.support.DisposableBeanAdapter(DisposableBeanAdapter.java:210) - Invocation of destroy method failed on bean with name 'inMemoryDatabaseShutdownExecutor': java.sql.SQLSyntaxErrorException: (conn=3) Access denied; you need (at least one of) the SHUTDOWN privilege(s) for this operation
[2023-04-25 17:29:47] INFO com.zaxxer.hikari.HikariDataSource(HikariDataSource.java:350) - HikariPool-1 - Shutdown initiated...
[2023-04-25 17:29:47] INFO com.zaxxer.hikari.HikariDataSource(HikariDataSource.java:352) - HikariPool-1 - Shutdown completed.
[2023-04-25 18:04:55] INFO org.hibernate.validator.internal.util.Version(Version.java:21) - HV000001: Hibernate Validator 8.0.0.Final
[2023-04-25 18:04:55] INFO com.commerce.Application(StartupInfoLogger.java:51) - Starting Application using Java 17.0.6 with PID 11292 (C:\_DEV\_edu\commerce-api\build\classes\java\main started by seul in C:\_DEV\_edu\commerce-api)
[2023-04-25 18:04:55] INFO com.commerce.Application(SpringApplication.java:638) - The following 1 profile is active: "local"
[2023-04-25 18:04:55] INFO org.springframework.boot.devtools.env.DevToolsPropertyDefaultsPostProcessor(DeferredLog.java:250) - Devtools property defaults active! Set 'spring.devtools.add-properties' to 'false' to disable
[2023-04-25 18:04:55] INFO org.springframework.boot.devtools.env.DevToolsPropertyDefaultsPostProcessor(DeferredLog.java:250) - For additional web related logging consider setting the 'logging.level.web' property to 'DEBUG'
[2023-04-25 18:04:58] INFO org.springframework.data.repository.config.RepositoryConfigurationDelegate(RepositoryConfigurationDelegate.java:291) - Multiple Spring Data modules found, entering strict repository configuration mode
[2023-04-25 18:04:58] INFO org.springframework.data.repository.config.RepositoryConfigurationDelegate(RepositoryConfigurationDelegate.java:138) - Bootstrapping Spring Data JPA repositories in DEFAULT mode.
[2023-04-25 18:04:58] INFO org.springframework.data.repository.config.RepositoryConfigurationDelegate(RepositoryConfigurationDelegate.java:208) - Finished Spring Data repository scanning in 361 ms. Found 3 JPA repository interfaces.
[2023-04-25 18:04:58] INFO org.springframework.data.repository.config.RepositoryConfigurationDelegate(RepositoryConfigurationDelegate.java:291) - Multiple Spring Data modules found, entering strict repository configuration mode
[2023-04-25 18:04:58] INFO org.springframework.data.repository.config.RepositoryConfigurationDelegate(RepositoryConfigurationDelegate.java:138) - Bootstrapping Spring Data Redis repositories in DEFAULT mode.
[2023-04-25 18:04:58] INFO org.springframework.data.repository.config.RepositoryConfigurationExtensionSupport(RepositoryConfigurationExtensionSupport.java:320) - Spring Data Redis - Could not safely identify store assignment for repository candidate interface com.commerce.domain.category.CategoryRepository; If you want this repository to be a Redis repository, consider annotating your entities with one of these annotations: org.springframework.data.redis.core.RedisHash (preferred), or consider extending one of the following types with your repository: org.springframework.data.keyvalue.repository.KeyValueRepository
[2023-04-25 18:04:59] INFO org.springframework.data.repository.config.RepositoryConfigurationExtensionSupport(RepositoryConfigurationExtensionSupport.java:320) - Spring Data Redis - Could not safely identify store assignment for repository candidate interface com.commerce.domain.product.ProductRepository; If you want this repository to be a Redis repository, consider annotating your entities with one of these annotations: org.springframework.data.redis.core.RedisHash (preferred), or consider extending one of the following types with your repository: org.springframework.data.keyvalue.repository.KeyValueRepository
[2023-04-25 18:04:59] INFO org.springframework.data.repository.config.RepositoryConfigurationExtensionSupport(RepositoryConfigurationExtensionSupport.java:320) - Spring Data Redis - Could not safely identify store assignment for repository candidate interface com.commerce.domain.user.UserRepository; If you want this repository to be a Redis repository, consider annotating your entities with one of these annotations: org.springframework.data.redis.core.RedisHash (preferred), or consider extending one of the following types with your repository: org.springframework.data.keyvalue.repository.KeyValueRepository
[2023-04-25 18:04:59] INFO org.springframework.data.repository.config.RepositoryConfigurationDelegate(RepositoryConfigurationDelegate.java:208) - Finished Spring Data repository scanning in 28 ms. Found 0 Redis repository interfaces.
[2023-04-25 18:04:59] INFO org.springframework.cloud.context.scope.GenericScope(GenericScope.java:282) - BeanFactory id=ceb5fdf0-aee4-337a-bb61-e1dcf14546ee
[2023-04-25 18:05:00] INFO org.springframework.boot.web.embedded.tomcat.TomcatWebServer(TomcatWebServer.java:108) - Tomcat initialized with port(s): 18080 (http)
[2023-04-25 18:05:00] INFO org.apache.coyote.http11.Http11NioProtocol(DirectJDKLog.java:173) - Initializing ProtocolHandler ["http-nio-18080"]
[2023-04-25 18:05:00] INFO org.apache.catalina.core.StandardService(DirectJDKLog.java:173) - Starting service [Tomcat]
[2023-04-25 18:05:00] INFO org.apache.catalina.core.StandardEngine(DirectJDKLog.java:173) - Starting Servlet engine: [Apache Tomcat/10.1.7]
[2023-04-25 18:05:00] INFO org.apache.catalina.core.ContainerBase.[Tomcat].[localhost].[/](DirectJDKLog.java:173) - Initializing Spring embedded WebApplicationContext
[2023-04-25 18:05:00] INFO org.springframework.boot.web.servlet.context.ServletWebServerApplicationContext(ServletWebServerApplicationContext.java:291) - Root WebApplicationContext: initialization completed in 5596 ms
[2023-04-25 18:05:01] INFO com.zaxxer.hikari.HikariDataSource(HikariDataSource.java:110) - HikariPool-1 - Starting...
[2023-04-25 18:05:01] INFO com.zaxxer.hikari.pool.HikariPool(HikariPool.java:565) - HikariPool-1 - Added connection org.mariadb.jdbc.Connection@15104e7f
[2023-04-25 18:05:01] INFO com.zaxxer.hikari.HikariDataSource(HikariDataSource.java:123) - HikariPool-1 - Start completed.
[2023-04-25 18:05:02] INFO org.springframework.boot.autoconfigure.h2.H2ConsoleAutoConfiguration(H2ConsoleAutoConfiguration.java:88) - H2 console available at '/h2-console'. Database available at 'jdbc:mariadb://host.docker.internal/sample?user=sample&password=***'
[2023-04-25 18:05:02] INFO org.hibernate.jpa.internal.util.LogHelper(LogHelper.java:31) - HHH000204: Processing PersistenceUnitInfo [name: default]
[2023-04-25 18:05:02] INFO org.hibernate.Version(Version.java:44) - HHH000412: Hibernate ORM core version 6.1.7.Final
[2023-04-25 18:05:03] INFO SQL dialect(DialectFactoryImpl.java:66) - HHH000400: Using dialect: org.hibernate.dialect.MariaDB103Dialect
[2023-04-25 18:05:03] WARN org.hibernate.orm.deprecation(DialectFactoryImpl.java:73) - HHH90000026: MariaDB103Dialect has been deprecated; use org.hibernate.dialect.MariaDBDialect instead
[2023-04-25 18:05:04] INFO org.hibernate.engine.transaction.jta.platform.internal.JtaPlatformInitiator(JtaPlatformInitiator.java:51) - HHH000490: Using JtaPlatform implementation: [org.hibernate.engine.transaction.jta.platform.internal.NoJtaPlatform]
[2023-04-25 18:05:04] INFO org.springframework.orm.jpa.LocalContainerEntityManagerFactoryBean(AbstractEntityManagerFactoryBean.java:437) - Initialized JPA EntityManagerFactory for persistence unit 'default'
[2023-04-25 18:05:06] TRACE org.springframework.cache.annotation.AnnotationCacheOperationSource(AbstractFallbackCacheOperationSource.java:102) - Adding cacheable method 'update' with attribute: [Builder[public void com.commerce.service.ProductService.update(java.lang.Long,com.commerce.controller.product.dto.ProductDto$Request)] caches=[product] | key='#id' | keyGenerator='' | cacheManager='redisCacheManager' | cacheResolver='' | condition='',false,false]
[2023-04-25 18:05:06] TRACE org.springframework.cache.annotation.AnnotationCacheOperationSource(AbstractFallbackCacheOperationSource.java:102) - Adding cacheable method 'delete' with attribute: [Builder[public void com.commerce.service.ProductService.delete(java.lang.Long)] caches=[product] | key='#id' | keyGenerator='' | cacheManager='redisCacheManager' | cacheResolver='' | condition='',false,false]
[2023-04-25 18:05:06] TRACE org.springframework.cache.annotation.AnnotationCacheOperationSource(AbstractFallbackCacheOperationSource.java:102) - Adding cacheable method 'getProductLikeCount' with attribute: [Builder[public java.lang.Integer com.commerce.service.ProductService.getProductLikeCount(java.lang.Long)] caches=[product:count:like] | key='#id' | keyGenerator='' | cacheManager='redisCacheManager' | cacheResolver='' | condition='' | unless='#reslut == null' | sync='false']
[2023-04-25 18:05:06] TRACE org.springframework.cache.annotation.AnnotationCacheOperationSource(AbstractFallbackCacheOperationSource.java:102) - Adding cacheable method 'getProductViewCount' with attribute: [Builder[public java.lang.Integer com.commerce.service.ProductService.getProductViewCount(java.lang.Long)] caches=[product-cnt] | key='#id' | keyGenerator='' | cacheManager='redisCacheManager' | cacheResolver='' | condition='' | unless='' | sync='false']
[2023-04-25 18:05:06] TRACE org.springframework.cache.annotation.AnnotationCacheOperationSource(AbstractFallbackCacheOperationSource.java:102) - Adding cacheable method 'findById' with attribute: [Builder[public com.commerce.controller.product.dto.ProductDto$Response com.commerce.service.ProductService.findById(java.lang.Long)] caches=[product] | key='#id' | keyGenerator='' | cacheManager='redisCacheManager' | cacheResolver='' | condition='' | unless='' | sync='false']
[2023-04-25 18:05:06] WARN org.springframework.boot.autoconfigure.orm.jpa.JpaBaseConfiguration$JpaWebConfiguration(JpaBaseConfiguration.java:231) - spring.jpa.open-in-view is enabled by default. Therefore, database queries may be performed during view rendering. Explicitly configure spring.jpa.open-in-view to disable this warning
[2023-04-25 18:05:07] INFO org.springframework.boot.devtools.autoconfigure.OptionalLiveReloadServer(OptionalLiveReloadServer.java:59) - LiveReload server is running on port 35729
[2023-04-25 18:05:07] INFO org.springframework.boot.actuate.endpoint.web.EndpointLinksResolver(EndpointLinksResolver.java:58) - Exposing 1 endpoint(s) beneath base path '/actuator'
[2023-04-25 18:05:07] INFO org.apache.coyote.http11.Http11NioProtocol(DirectJDKLog.java:173) - Starting ProtocolHandler ["http-nio-18080"]
[2023-04-25 18:05:07] INFO org.springframework.boot.web.embedded.tomcat.TomcatWebServer(TomcatWebServer.java:220) - Tomcat started on port(s): 18080 (http) with context path ''
[2023-04-25 18:05:07] INFO com.commerce.Application(StartupInfoLogger.java:57) - Started Application in 14.163 seconds (process running for 15.909)
